app/build/intermediates/manifest_merge_blame_file/debug/manifest-merger-blame-debug-report.txt
1<?xml version="1.0" encoding="utf-8"?>
2<manifest xmlns:android="http://schemas.android.com/apk/res/android"
3    package="com.aplen.movieaplen"
4    android:versionCode="1"
5    android:versionName="1.0" >
6
7    <uses-sdk
8        android:minSdkVersion="23"
8-->src/main/AndroidManifest.xml
9        android:targetSdkVersion="31" />
9-->src/main/AndroidManifest.xml
10
11    <uses-permission android:name="android.permission.INTERNET" />
11-->src/main/AndroidManifest.xml:6:5-67
11-->src/main/AndroidManifest.xml:6:22-64
12
13    <!-- To store the heap dumps and leak analysis results. -->
14    <uses-permission android:name="android.permission.READ_EXTERNAL_STORAGE" />
14-->[com.squareup.leakcanary:leakcanary-android-core:2.4] AndroidManifest.xml:23:5-80
14-->[com.squareup.leakcanary:leakcanary-android-core:2.4] AndroidManifest.xml:23:22-77
15    <uses-permission android:name="android.permission.WRITE_EXTERNAL_STORAGE" /> <!-- To allow starting foreground services on Android P+ - https://developer.android.com/preview/behavior-changes#fg-svc -->
15-->[com.squareup.leakcanary:leakcanary-android-core:2.4] AndroidManifest.xml:24:5-81
15-->[com.squareup.leakcanary:leakcanary-android-core:2.4] AndroidManifest.xml:24:22-78
16    <uses-permission android:name="android.permission.FOREGROUND_SERVICE" />
16-->[com.squareup.leakcanary:leakcanary-android-core:2.4] AndroidManifest.xml:26:5-77
16-->[com.squareup.leakcanary:leakcanary-android-core:2.4] AndroidManifest.xml:26:22-74
17    <uses-permission android:name="android.permission.READ_PHONE_STATE" />
18
19    <application
19-->src/main/AndroidManifest.xml:8:5-32:19
20        android:name="com.aplen.movieaplen.MyApplication"
20-->src/main/AndroidManifest.xml:9:9-38
21        android:allowBackup="false"
21-->src/main/AndroidManifest.xml:10:9-36
22        android:appComponentFactory="androidx.core.app.CoreComponentFactory"
22-->[androidx.core:core:1.7.0] AndroidManifest.xml:24:18-86
23        android:debuggable="true"
24        android:extractNativeLibs="false"
24-->[:favorite] AndroidManifest.xml:21:18-51
25        android:fullBackupContent="false"
25-->src/main/AndroidManifest.xml:11:9-42
26        android:hardwareAccelerated="false"
26-->src/main/AndroidManifest.xml:13:9-44
27        android:icon="@mipmap/ic_launcher"
27-->src/main/AndroidManifest.xml:12:9-43
28        android:label="@string/app_name"
28-->src/main/AndroidManifest.xml:14:9-41
29        android:roundIcon="@mipmap/ic_launcher_round"
29-->src/main/AndroidManifest.xml:15:9-54
30        android:supportsRtl="true"
30-->src/main/AndroidManifest.xml:16:9-35
31        android:theme="@style/Theme.MovieAplen" >
31-->src/main/AndroidManifest.xml:17:9-48
32        <activity
32-->src/main/AndroidManifest.xml:19:9-22:40
33            android:name="com.aplen.movieaplen.ui.detail.DetailActivity"
33-->src/main/AndroidManifest.xml:20:13-53
34            android:exported="false"
34-->src/main/AndroidManifest.xml:22:13-37
35            android:theme="@style/Theme.MovieAplen.NoActionBar" />
35-->src/main/AndroidManifest.xml:21:13-64
36        <activity
36-->src/main/AndroidManifest.xml:23:9-31:20
37            android:name="com.aplen.movieaplen.ui.main.MainActivity"
37-->src/main/AndroidManifest.xml:24:13-49
38            android:exported="true" >
38-->src/main/AndroidManifest.xml:25:13-36
39            <intent-filter>
39-->src/main/AndroidManifest.xml:26:13-30:29
40                <action android:name="android.intent.action.MAIN" />
40-->src/main/AndroidManifest.xml:27:17-69
40-->src/main/AndroidManifest.xml:27:25-66
41
42                <category android:name="android.intent.category.LAUNCHER" />
42-->src/main/AndroidManifest.xml:29:17-77
42-->src/main/AndroidManifest.xml:29:27-74
43            </intent-filter>
44        </activity>
45
46        <uses-library
46-->[androidx.window:window:1.0.0] AndroidManifest.xml:25:9-27:40
47            android:name="androidx.window.extensions"
47-->[androidx.window:window:1.0.0] AndroidManifest.xml:26:13-54
48            android:required="false" />
48-->[androidx.window:window:1.0.0] AndroidManifest.xml:27:13-37
49        <uses-library
49-->[androidx.window:window:1.0.0] AndroidManifest.xml:28:9-30:40
50            android:name="androidx.window.sidecar"
50-->[androidx.window:window:1.0.0] AndroidManifest.xml:29:13-51
51            android:required="false" />
51-->[androidx.window:window:1.0.0] AndroidManifest.xml:30:13-37
52
53        <service
53-->[com.squareup.leakcanary:leakcanary-android:2.4] AndroidManifest.xml:23:9-25:40
54            android:name="leakcanary.internal.HeapAnalyzerService"
54-->[com.squareup.leakcanary:leakcanary-android:2.4] AndroidManifest.xml:24:13-67
55            android:exported="false" />
55-->[com.squareup.leakcanary:leakcanary-android:2.4] AndroidManifest.xml:25:13-37
56
57        <provider
57-->[com.squareup.leakcanary:leakcanary-android-core:2.4] AndroidManifest.xml:29:9-37:20
58            android:name="leakcanary.internal.LeakCanaryFileProvider"
58-->[com.squareup.leakcanary:leakcanary-android-core:2.4] AndroidManifest.xml:30:13-70
59            android:authorities="com.squareup.leakcanary.fileprovider.com.aplen.movieaplen"
59-->[com.squareup.leakcanary:leakcanary-android-core:2.4] AndroidManifest.xml:31:13-88
60            android:exported="false"
60-->[com.squareup.leakcanary:leakcanary-android-core:2.4] AndroidManifest.xml:32:13-37
61            android:grantUriPermissions="true" >
61-->[com.squareup.leakcanary:leakcanary-android-core:2.4] AndroidManifest.xml:33:13-47
62            <meta-data
62-->[com.squareup.leakcanary:leakcanary-android-core:2.4] AndroidManifest.xml:34:13-36:66
63                android:name="android.support.FILE_PROVIDER_PATHS"
63-->[com.squareup.leakcanary:leakcanary-android-core:2.4] AndroidManifest.xml:35:17-67
64                android:resource="@xml/leak_canary_file_paths" />
64-->[com.squareup.leakcanary:leakcanary-android-core:2.4] AndroidManifest.xml:36:17-63
65        </provider>
66
67        <activity
67-->[com.squareup.leakcanary:leakcanary-android-core:2.4] AndroidManifest.xml:39:9-44:66
68            android:name="leakcanary.internal.activity.LeakActivity"
68-->[com.squareup.leakcanary:leakcanary-android-core:2.4] AndroidManifest.xml:40:13-69
69            android:icon="@mipmap/leak_canary_icon"
69-->[com.squareup.leakcanary:leakcanary-android-core:2.4] AndroidManifest.xml:41:13-52
70            android:label="@string/leak_canary_display_activity_label"
70-->[com.squareup.leakcanary:leakcanary-android-core:2.4] AndroidManifest.xml:42:13-71
71            android:taskAffinity="com.squareup.leakcanary.com.aplen.movieaplen"
71-->[com.squareup.leakcanary:leakcanary-android-core:2.4] AndroidManifest.xml:43:13-76
72            android:theme="@style/leak_canary_LeakCanary.Base" />
72-->[com.squareup.leakcanary:leakcanary-android-core:2.4] AndroidManifest.xml:44:13-63
73
74        <activity-alias
74-->[com.squareup.leakcanary:leakcanary-android-core:2.4] AndroidManifest.xml:46:9-62:26
75            android:name="leakcanary.internal.activity.LeakLauncherActivity"
75-->[com.squareup.leakcanary:leakcanary-android-core:2.4] AndroidManifest.xml:47:13-77
76            android:banner="@drawable/leak_canary_tv_icon"
76-->[com.squareup.leakcanary:leakcanary-android-core:2.4] AndroidManifest.xml:48:13-59
77            android:enabled="@bool/leak_canary_add_launcher_icon"
77-->[com.squareup.leakcanary:leakcanary-android-core:2.4] AndroidManifest.xml:49:13-66
78            android:icon="@mipmap/leak_canary_icon"
78-->[com.squareup.leakcanary:leakcanary-android-core:2.4] AndroidManifest.xml:50:13-52
79            android:label="@string/leak_canary_display_activity_label"
79-->[com.squareup.leakcanary:leakcanary-android-core:2.4] AndroidManifest.xml:51:13-71
80            android:targetActivity="leakcanary.internal.activity.LeakActivity"
80-->[com.squareup.leakcanary:leakcanary-android-core:2.4] AndroidManifest.xml:52:13-79
81            android:taskAffinity="com.squareup.leakcanary.com.aplen.movieaplen"
81-->[com.squareup.leakcanary:leakcanary-android-core:2.4] AndroidManifest.xml:53:13-76
82            android:theme="@style/leak_canary_LeakCanary.Base" >
82-->[com.squareup.leakcanary:leakcanary-android-core:2.4] AndroidManifest.xml:54:13-63
83            <intent-filter>
83-->[com.squareup.leakcanary:leakcanary-android-core:2.4] AndroidManifest.xml:55:13-61:29
84                <action android:name="android.intent.action.MAIN" />
84-->src/main/AndroidManifest.xml:27:17-69
84-->src/main/AndroidManifest.xml:27:25-66
85
86                <category android:name="android.intent.category.LAUNCHER" />
86-->src/main/AndroidManifest.xml:29:17-77
86-->src/main/AndroidManifest.xml:29:27-74
87                <!-- Android TV launcher intent -->
88                <category android:name="android.intent.category.LEANBACK_LAUNCHER" />
88-->[com.squareup.leakcanary:leakcanary-android-core:2.4] AndroidManifest.xml:60:17-86
88-->[com.squareup.leakcanary:leakcanary-android-core:2.4] AndroidManifest.xml:60:27-83
89            </intent-filter>
90        </activity-alias>
91
92        <activity
92-->[com.squareup.leakcanary:leakcanary-android-core:2.4] AndroidManifest.xml:64:9-70:68
93            android:name="leakcanary.internal.RequestStoragePermissionActivity"
93-->[com.squareup.leakcanary:leakcanary-android-core:2.4] AndroidManifest.xml:65:13-80
94            android:excludeFromRecents="true"
94-->[com.squareup.leakcanary:leakcanary-android-core:2.4] AndroidManifest.xml:66:13-46
95            android:icon="@mipmap/leak_canary_icon"
95-->[com.squareup.leakcanary:leakcanary-android-core:2.4] AndroidManifest.xml:67:13-52
96            android:label="@string/leak_canary_storage_permission_activity_label"
96-->[com.squareup.leakcanary:leakcanary-android-core:2.4] AndroidManifest.xml:68:13-82
97            android:taskAffinity="com.squareup.leakcanary.com.aplen.movieaplen"
97-->[com.squareup.leakcanary:leakcanary-android-core:2.4] AndroidManifest.xml:69:13-76
98            android:theme="@style/leak_canary_Theme.Transparent" />
98-->[com.squareup.leakcanary:leakcanary-android-core:2.4] AndroidManifest.xml:70:13-65
99
100        <receiver android:name="leakcanary.internal.NotificationReceiver" />
100-->[com.squareup.leakcanary:leakcanary-android-core:2.4] AndroidManifest.xml:72:9-77
100-->[com.squareup.leakcanary:leakcanary-android-core:2.4] AndroidManifest.xml:72:19-74
101
102        <provider
102-->[androidx.emoji2:emoji2:1.0.0] AndroidManifest.xml:26:9-34:20
103            android:name="androidx.startup.InitializationProvider"
103-->[androidx.emoji2:emoji2:1.0.0] AndroidManifest.xml:27:13-67
104            android:authorities="com.aplen.movieaplen.androidx-startup"
104-->[androidx.emoji2:emoji2:1.0.0] AndroidManifest.xml:28:13-68
105            android:exported="false" >
105-->[androidx.emoji2:emoji2:1.0.0] AndroidManifest.xml:29:13-37
106            <meta-data
106-->[androidx.emoji2:emoji2:1.0.0] AndroidManifest.xml:31:13-33:52
107                android:name="androidx.emoji2.text.EmojiCompatInitializer"
107-->[androidx.emoji2:emoji2:1.0.0] AndroidManifest.xml:32:17-75
108                android:value="androidx.startup" />
108-->[androidx.emoji2:emoji2:1.0.0] AndroidManifest.xml:33:17-49
109            <meta-data
109-->[androidx.lifecycle:lifecycle-process:2.4.0] AndroidManifest.xml:31:13-33:52
110                android:name="androidx.lifecycle.ProcessLifecycleInitializer"
110-->[androidx.lifecycle:lifecycle-process:2.4.0] AndroidManifest.xml:32:17-78
111                android:value="androidx.startup" />
111-->[androidx.lifecycle:lifecycle-process:2.4.0] AndroidManifest.xml:33:17-49
112        </provider>
113
114        <service
114-->[androidx.room:room-runtime:2.4.2] AndroidManifest.xml:25:9-28:40
115            android:name="androidx.room.MultiInstanceInvalidationService"
115-->[androidx.room:room-runtime:2.4.2] AndroidManifest.xml:26:13-74
116            android:directBootAware="true"
116-->[androidx.room:room-runtime:2.4.2] AndroidManifest.xml:27:13-43
117            android:exported="false" />
117-->[androidx.room:room-runtime:2.4.2] AndroidManifest.xml:28:13-37
118
119        <provider
119-->[com.squareup.leakcanary:leakcanary-object-watcher-android:2.4] AndroidManifest.xml:8:9-12:40
120            android:name="leakcanary.internal.AppWatcherInstaller$MainProcess"
120-->[com.squareup.leakcanary:leakcanary-object-watcher-android:2.4] AndroidManifest.xml:9:13-79
121            android:authorities="com.aplen.movieaplen.leakcanary-installer"
121-->[com.squareup.leakcanary:leakcanary-object-watcher-android:2.4] AndroidManifest.xml:10:13-72
122            android:enabled="@bool/leak_canary_watcher_auto_install"
122-->[com.squareup.leakcanary:leakcanary-object-watcher-android:2.4] AndroidManifest.xml:11:13-69
123            android:exported="false" />
123-->[com.squareup.leakcanary:leakcanary-object-watcher-android:2.4] AndroidManifest.xml:12:13-37
124        <provider
124-->[com.squareup.leakcanary:plumber-android:2.4] AndroidManifest.xml:8:9-12:40
125            android:name="leakcanary.internal.PlumberInstaller"
125-->[com.squareup.leakcanary:plumber-android:2.4] AndroidManifest.xml:9:13-64
126            android:authorities="com.aplen.movieaplen.plumber-installer"
126-->[com.squareup.leakcanary:plumber-android:2.4] AndroidManifest.xml:10:13-69
127            android:enabled="@bool/leak_canary_plumber_auto_install"
127-->[com.squareup.leakcanary:plumber-android:2.4] AndroidManifest.xml:11:13-69
128            android:exported="false" />
128-->[com.squareup.leakcanary:plumber-android:2.4] AndroidManifest.xml:12:13-37
129    </application>
130
131</manifest>